{
  "stats": {
    "suites": 21,
    "tests": 48,
    "passes": 46,
    "pending": 2,
    "failures": 0,
    "start": "2021-07-04T19:31:13.989Z",
    "end": "2021-07-04T19:34:34.582Z",
    "duration": 131021,
    "testsRegistered": 48,
    "passPercent": 95.83333333333333,
    "pendingPercent": 4.166666666666667,
    "other": 0,
    "hasOther": false,
    "skipped": 0,
    "hasSkipped": false
  },
  "results": [
    {
      "uuid": "d64a3888-798d-4213-a495-0c84ac8f05c1",
      "title": "",
      "fullFile": "cypress\\integration\\automation-test-store\\alias-invoke.js",
      "file": "cypress\\integration\\automation-test-store\\alias-invoke.js",
      "beforeHooks": [],
      "afterHooks": [],
      "tests": [],
      "suites": [
        {
          "uuid": "e422bc9c-3ca7-416f-ad5c-59344b1fcdd8",
          "title": "Alias and invoke",
          "fullFile": "",
          "file": "",
          "beforeHooks": [],
          "afterHooks": [],
          "tests": [
            {
              "title": "Calculate total price of normal and sale products",
              "fullTitle": "Alias and invoke Calculate total price of normal and sale products",
              "timedOut": null,
              "duration": 7069,
              "state": "passed",
              "speed": "slow",
              "pass": true,
              "fail": false,
              "pending": false,
              "context": null,
              "code": "cy.visit(\"https://automationteststore.com/\");\ncy.get(\".thumbnail\").as(\"productThumbnails\");\n/*         cy.get(\"@productThumbnails\").find(\".oneprice\").each(($el, index, $list) => {\n            cy.log($el.text());\n    }) */\ncy.get(\"@productThumbnails\").find(\".oneprice\").invoke(\"text\").as(\"itemPrice\");\ncy.get(\"@productThumbnails\").find(\".pricenew\").invoke(\"text\").as(\"saleItemPrice\");\nvar allItemsTotal = 0;\ncy.get(\"@itemPrice\").then(function ($linkText) {\n  var itemPrice = $linkText.split(\"$\");\n  var i;\n  var totalNonSaleItemsPrice = 0;\n  for (i = 0; i < itemPrice.length; i++) {\n    cy.log(itemPrice[i]);\n    totalNonSaleItemsPrice += Number(itemPrice[i]);\n  }\n  allItemsTotal += totalNonSaleItemsPrice;\n  cy.log(\"Non sale items total price: \" + totalNonSaleItemsPrice);\n});\ncy.get(\"@saleItemPrice\").then(function ($linkText) {\n  var saleItemPrice = $linkText.split(\"$\");\n  var i;\n  var totalSaleItemsPrice = 0;\n  for (i = 0; i < saleItemPrice.length; i++) {\n    cy.log(saleItemPrice[i]);\n    totalSaleItemsPrice += Number(saleItemPrice[i]);\n  }\n  allItemsTotal += totalSaleItemsPrice;\n  cy.log(\"Sale items total price: \" + totalSaleItemsPrice);\n}).then(function () {\n  cy.log(\"Total price of all items: \" + allItemsTotal);\n  expect(allItemsTotal).to.equal(640.7);\n});",
              "err": {},
              "uuid": "a430239b-b35b-4ef6-9f6c-d775790162de",
              "parentUUID": "e422bc9c-3ca7-416f-ad5c-59344b1fcdd8",
              "isHook": false,
              "skipped": false
            }
          ],
          "suites": [],
          "passes": [
            "a430239b-b35b-4ef6-9f6c-d775790162de"
          ],
          "failures": [],
          "pending": [],
          "skipped": [],
          "duration": 7069,
          "root": false,
          "rootEmpty": false,
          "_timeout": 2000
        }
      ],
      "passes": [],
      "failures": [],
      "pending": [],
      "skipped": [],
      "duration": 0,
      "root": true,
      "rootEmpty": true,
      "_timeout": 2000
    },
    {
      "uuid": "bd56310b-36f0-4bb2-95cd-0aacee46ebf4",
      "title": "",
      "fullFile": "cypress\\integration\\automation-test-store\\contact-us.js",
      "file": "cypress\\integration\\automation-test-store\\contact-us.js",
      "beforeHooks": [],
      "afterHooks": [],
      "tests": [],
      "suites": [
        {
          "uuid": "69d5808d-befb-4e6e-af35-da914108887a",
          "title": "Test contact Us form via Automation Test Store",
          "fullFile": "",
          "file": "",
          "beforeHooks": [],
          "afterHooks": [],
          "tests": [
            {
              "title": "Should be able to submit a successful submission via Contact Us form",
              "fullTitle": "Test contact Us form via Automation Test Store Should be able to submit a successful submission via Contact Us form",
              "timedOut": null,
              "duration": 9716,
              "state": "passed",
              "speed": "slow",
              "pass": true,
              "fail": false,
              "pending": false,
              "context": null,
              "code": "cy.visit('https://automationteststore.com/');\ncy.get('a[href$=\"contact\"]').click().then(function (linkText) {\n  cy.log(\"Selected link text: \" + linkText.text());\n}); //xpath -> //a[text()='Contact Us']\ncy.get(\"@user\").then(function (user) {\n  cy.get('#ContactUsFrm_first_name').type(user.first_name);\n  cy.get('#ContactUsFrm_email').type(user.email);\n});\ncy.get('#ContactUsFrm_email').should('have.attr', 'name', 'email');\ncy.get('#ContactUsFrm_enquiry').type('Do you have Nvidia GTX 3060 in stock'); //xpath locators can be used with the library cypress-io/cypress-xpath\n//cy.xpath('//textarea[@id=\"ContactUsFrm_enquiry\"]').type('Do you have Nvidia GTX 3060 in stock');\ncy.get('button[title=\"Submit\"]').click();\ncy.xpath('//p[contains(text(), \"Your enquiry has been\")]').should('have.text', 'Your enquiry has been successfully sent to the store owner!');",
              "err": {},
              "uuid": "94a0d130-0ee8-435c-8da5-0949d77b75ef",
              "parentUUID": "69d5808d-befb-4e6e-af35-da914108887a",
              "isHook": false,
              "skipped": false
            }
          ],
          "suites": [],
          "passes": [
            "94a0d130-0ee8-435c-8da5-0949d77b75ef"
          ],
          "failures": [],
          "pending": [],
          "skipped": [],
          "duration": 9716,
          "root": false,
          "rootEmpty": false,
          "_timeout": 2000
        }
      ],
      "passes": [],
      "failures": [],
      "pending": [],
      "skipped": [],
      "duration": 0,
      "root": true,
      "rootEmpty": true,
      "_timeout": 2000
    },
    {
      "uuid": "a513f193-f77b-44c5-9873-24ecdffb97ef",
      "title": "",
      "fullFile": "cypress\\integration\\automation-test-store\\inspect-item.js",
      "file": "cypress\\integration\\automation-test-store\\inspect-item.js",
      "beforeHooks": [],
      "afterHooks": [],
      "tests": [],
      "suites": [
        {
          "uuid": "a5b8e311-8221-4bb3-bfc1-5a6ed6cfd451",
          "title": "Inspect automation test store items using chain of commands",
          "fullFile": "",
          "file": "",
          "beforeHooks": [],
          "afterHooks": [],
          "tests": [
            {
              "title": "Click on the first item using item header",
              "fullTitle": "Inspect automation test store items using chain of commands Click on the first item using item header",
              "timedOut": null,
              "duration": 7466,
              "state": "passed",
              "speed": "slow",
              "pass": true,
              "fail": false,
              "pending": false,
              "context": null,
              "code": "cy.visit('https://automationteststore.com/'); //cy.get('a[title=\"Skinsheen Bronzer Stick\"]').click();\ncy.get('.prdocutname').contains('Skinsheen Bronzer Stick').click().then(function (itemHeaderText) {\n  console.log(\"Selected the following item \" + itemHeaderText.text());\n});",
              "err": {},
              "uuid": "024f768d-7df1-49d1-9ef3-cf20ed4e5779",
              "parentUUID": "a5b8e311-8221-4bb3-bfc1-5a6ed6cfd451",
              "isHook": false,
              "skipped": false
            }
          ],
          "suites": [],
          "passes": [
            "024f768d-7df1-49d1-9ef3-cf20ed4e5779"
          ],
          "failures": [],
          "pending": [],
          "skipped": [],
          "duration": 7466,
          "root": false,
          "rootEmpty": false,
          "_timeout": 2000
        }
      ],
      "passes": [],
      "failures": [],
      "pending": [],
      "skipped": [],
      "duration": 0,
      "root": true,
      "rootEmpty": true,
      "_timeout": 2000
    },
    {
      "uuid": "ab03b9bd-9ca9-4cd7-8e22-f23cfd252cd3",
      "title": "",
      "fullFile": "cypress\\integration\\automation-test-store\\iterate-over-element.js",
      "file": "cypress\\integration\\automation-test-store\\iterate-over-element.js",
      "beforeHooks": [],
      "afterHooks": [],
      "tests": [],
      "suites": [
        {
          "uuid": "609c0ba7-1be6-4c0f-bb35-428b0b73580f",
          "title": "Iterate over elements",
          "fullFile": "",
          "file": "",
          "beforeHooks": [],
          "afterHooks": [],
          "tests": [
            {
              "title": "Log information of all haircare products",
              "fullTitle": "Iterate over elements Log information of all haircare products",
              "timedOut": null,
              "duration": 6448,
              "state": "passed",
              "speed": "slow",
              "pass": true,
              "fail": false,
              "pending": false,
              "context": null,
              "code": "cy.get('.fixed_wrapper .prdocutname').each(function ($el, index, $list) {\n  cy.log(\"Index: \" + index + \" : \" + $el.text());\n});",
              "err": {},
              "uuid": "4cb00434-6f0e-480e-b95d-e07a52b4fc0f",
              "parentUUID": "609c0ba7-1be6-4c0f-bb35-428b0b73580f",
              "isHook": false,
              "skipped": false
            },
            {
              "title": "Add specific product to basket",
              "fullTitle": "Iterate over elements Add specific product to basket",
              "timedOut": null,
              "duration": 2913,
              "state": "passed",
              "speed": "slow",
              "pass": true,
              "fail": false,
              "pending": false,
              "context": null,
              "code": "// cy.get('.fixed_wrapper .prdocutname').each(($el, index, $list) => {\n//     if($el.text() === 'Curls to straight Shampoo'){\n//         cy.wrap($el).click();\n//     }\n// })\n//use common method defined in commands.js instead od above code block\ncy.selectProduct(\"Curls to straight Shampoo\");",
              "err": {},
              "uuid": "8a448c18-8f01-40e0-bce6-ffc4b4043675",
              "parentUUID": "609c0ba7-1be6-4c0f-bb35-428b0b73580f",
              "isHook": false,
              "skipped": false
            },
            {
              "title": "Add another specific product to basket",
              "fullTitle": "Iterate over elements Add another specific product to basket",
              "timedOut": null,
              "duration": 4839,
              "state": "passed",
              "speed": "slow",
              "pass": true,
              "fail": false,
              "pending": false,
              "context": null,
              "code": "cy.selectProduct(\"Eau Parfumee au The Vert Shampoo\");",
              "err": {},
              "uuid": "5cdac85d-7d8b-42a5-9f8a-441a2bfad729",
              "parentUUID": "609c0ba7-1be6-4c0f-bb35-428b0b73580f",
              "isHook": false,
              "skipped": false
            }
          ],
          "suites": [],
          "passes": [
            "4cb00434-6f0e-480e-b95d-e07a52b4fc0f",
            "8a448c18-8f01-40e0-bce6-ffc4b4043675",
            "5cdac85d-7d8b-42a5-9f8a-441a2bfad729"
          ],
          "failures": [],
          "pending": [],
          "skipped": [],
          "duration": 14200,
          "root": false,
          "rootEmpty": false,
          "_timeout": 2000
        }
      ],
      "passes": [],
      "failures": [],
      "pending": [],
      "skipped": [],
      "duration": 0,
      "root": true,
      "rootEmpty": true,
      "_timeout": 2000
    },
    {
      "uuid": "ef2fd6ef-f16b-4ad9-afa3-85884b2eff8f",
      "title": "",
      "fullFile": "cypress\\integration\\automation-test-store\\variables-and-cy-commands.js",
      "file": "cypress\\integration\\automation-test-store\\variables-and-cy-commands.js",
      "beforeHooks": [],
      "afterHooks": [],
      "tests": [],
      "suites": [
        {
          "uuid": "25076772-a056-4be5-ae5c-9ec765617e1c",
          "title": "Verifying variables, cypress commands and jquery commands",
          "fullFile": "",
          "file": "",
          "beforeHooks": [],
          "afterHooks": [],
          "tests": [
            {
              "title": "Validate properties of the Contact Us page",
              "fullTitle": "Verifying variables, cypress commands and jquery commands Validate properties of the Contact Us page",
              "timedOut": null,
              "duration": 4181,
              "state": "passed",
              "speed": "slow",
              "pass": true,
              "fail": false,
              "pending": false,
              "context": null,
              "code": "cy.visit(\"https://automationteststore.com/index.php?rt=content/contact\"); //Using Cypress commands and chaining\ncy.contains(\"#ContactUsFrm\", \"Contact Us Form\").find(\"#field_11\").should(\"contain\", \"First name\"); //JQuery approach\ncy.contains(\"#ContactUsFrm\", \"Contact Us Form\").then(function ($text) {\n  var firstNameText = $text.find(\"#field_11\").text();\n  expect(firstNameText).to.contain(\"First name\"); //Embedded commands (Closure)\n  cy.get(\"#field_11\").then(function ($fnText) {\n    cy.log($fnText.text());\n    cy.log($fnText);\n  });\n});",
              "err": {},
              "uuid": "1e558c72-ba02-48d0-9197-2dfe31453ed6",
              "parentUUID": "25076772-a056-4be5-ae5c-9ec765617e1c",
              "isHook": false,
              "skipped": false
            }
          ],
          "suites": [],
          "passes": [
            "1e558c72-ba02-48d0-9197-2dfe31453ed6"
          ],
          "failures": [],
          "pending": [],
          "skipped": [],
          "duration": 4181,
          "root": false,
          "rootEmpty": false,
          "_timeout": 2000
        }
      ],
      "passes": [],
      "failures": [],
      "pending": [],
      "skipped": [],
      "duration": 0,
      "root": true,
      "rootEmpty": true,
      "_timeout": 2000
    },
    {
      "uuid": "bb076295-b095-4a90-b700-40abd8a17e48",
      "title": "",
      "fullFile": "cypress\\integration\\other\\hooks.js",
      "file": "cypress\\integration\\other\\hooks.js",
      "beforeHooks": [],
      "afterHooks": [],
      "tests": [],
      "suites": [
        {
          "uuid": "f9750b2f-b276-4afd-97b7-1c2aed811f1b",
          "title": "Hooks",
          "fullFile": "",
          "file": "",
          "beforeHooks": [],
          "afterHooks": [],
          "tests": [
            {
              "title": "Example test 1",
              "fullTitle": "Hooks Example test 1",
              "timedOut": null,
              "duration": 31,
              "state": "passed",
              "speed": "fast",
              "pass": true,
              "fail": false,
              "pending": false,
              "context": null,
              "code": "cy.log(\"Example test 1\");",
              "err": {},
              "uuid": "9b0744a7-1b91-4a51-826f-af5fad3f6c32",
              "parentUUID": "f9750b2f-b276-4afd-97b7-1c2aed811f1b",
              "isHook": false,
              "skipped": false
            },
            {
              "title": "Example test 2",
              "fullTitle": "Hooks Example test 2",
              "timedOut": null,
              "duration": 14,
              "state": "passed",
              "speed": "fast",
              "pass": true,
              "fail": false,
              "pending": false,
              "context": null,
              "code": "cy.log(\"Example test 2\");",
              "err": {},
              "uuid": "618bccb2-4956-4ec3-acea-7ad64cf94efa",
              "parentUUID": "f9750b2f-b276-4afd-97b7-1c2aed811f1b",
              "isHook": false,
              "skipped": false
            }
          ],
          "suites": [],
          "passes": [
            "9b0744a7-1b91-4a51-826f-af5fad3f6c32",
            "618bccb2-4956-4ec3-acea-7ad64cf94efa"
          ],
          "failures": [],
          "pending": [],
          "skipped": [],
          "duration": 45,
          "root": false,
          "rootEmpty": false,
          "_timeout": 2000
        }
      ],
      "passes": [],
      "failures": [],
      "pending": [],
      "skipped": [],
      "duration": 0,
      "root": true,
      "rootEmpty": true,
      "_timeout": 2000
    },
    {
      "uuid": "cdfa8410-d133-4449-89e0-eeff16c252ed",
      "title": "",
      "fullFile": "cypress\\integration\\other\\same-origin-policy.js",
      "file": "cypress\\integration\\other\\same-origin-policy.js",
      "beforeHooks": [],
      "afterHooks": [],
      "tests": [],
      "suites": [
        {
          "uuid": "bdaa38ae-509f-4ea2-8df5-9d29818a1b8c",
          "title": "Cypress web security",
          "fullFile": "",
          "file": "",
          "beforeHooks": [],
          "afterHooks": [],
          "tests": [
            {
              "title": "Validate visiting two different domains",
              "fullTitle": "Cypress web security Validate visiting two different domains",
              "timedOut": null,
              "duration": 0,
              "state": "pending",
              "speed": null,
              "pass": false,
              "fail": false,
              "pending": true,
              "context": null,
              "code": "",
              "err": {},
              "uuid": "57f12af6-8308-4765-885d-d88d8dfb23d4",
              "parentUUID": "bdaa38ae-509f-4ea2-8df5-9d29818a1b8c",
              "isHook": false,
              "skipped": false
            },
            {
              "title": "Validate visiting two different domains via user actions",
              "fullTitle": "Cypress web security Validate visiting two different domains via user actions",
              "timedOut": null,
              "duration": 0,
              "state": "pending",
              "speed": null,
              "pass": false,
              "fail": false,
              "pending": true,
              "context": null,
              "code": "",
              "err": {},
              "uuid": "4548a70f-df65-4145-8a81-245f13d24ccb",
              "parentUUID": "bdaa38ae-509f-4ea2-8df5-9d29818a1b8c",
              "isHook": false,
              "skipped": false
            }
          ],
          "suites": [],
          "passes": [],
          "failures": [],
          "pending": [
            "57f12af6-8308-4765-885d-d88d8dfb23d4",
            "4548a70f-df65-4145-8a81-245f13d24ccb"
          ],
          "skipped": [],
          "duration": 0,
          "root": false,
          "rootEmpty": false,
          "_timeout": 2000
        }
      ],
      "passes": [],
      "failures": [],
      "pending": [],
      "skipped": [],
      "duration": 0,
      "root": true,
      "rootEmpty": true,
      "_timeout": 2000
    },
    {
      "uuid": "6893e478-0f91-4395-9d34-6138d04cfbc8",
      "title": "",
      "fullFile": "cypress\\integration\\webdriver-uni\\autocomplete-dropdown-list.js",
      "file": "cypress\\integration\\webdriver-uni\\autocomplete-dropdown-list.js",
      "beforeHooks": [],
      "afterHooks": [],
      "tests": [],
      "suites": [
        {
          "uuid": "840dd880-1a3c-4703-8859-ab936051e033",
          "title": "Verify Auto complete dropdown list via webdriver uni",
          "fullFile": "",
          "file": "",
          "beforeHooks": [],
          "afterHooks": [],
          "tests": [
            {
              "title": "Select specific product via auto complete list",
              "fullTitle": "Verify Auto complete dropdown list via webdriver uni Select specific product via auto complete list",
              "timedOut": null,
              "duration": 6662,
              "state": "passed",
              "speed": "slow",
              "pass": true,
              "fail": false,
              "pending": false,
              "context": null,
              "code": "cy.visit(\"http://www.webdriveruniversity.com/\"); // invoke jQuery method 'removeAttr' to remove attribute \"target=\"_blank\" which triggered the new tab opening after click on the link\ncy.get(\"#autocomplete-textfield\").invoke(\"removeAttr\", \"target\").click();\ncy.get(\"#myInput\").type(\"A\"); //Can select item from list without iterating using following way.\n//cy.get(\"#myInputautocomplete-list\").find(\"input[value = 'Avacado']\").click({force: true});\ncy.get(\"#myInputautocomplete-list > div\").each(function ($el, index, $list) {\n  var prod = $el.text();\n  var productToSelect = \"Almond\";\n  if (prod === productToSelect) {\n    $el.trigger(\"click\");\n    cy.get(\"#submit-button\").click();\n    cy.url().should(\"include\", productToSelect);\n  }\n}).then(function () {\n  cy.get(\"#myInput\").type(\"G\");\n  cy.get(\"#myInputautocomplete-list > div\").each(function ($el, index, $list) {\n    var prod = $el.text();\n    var productToSelect = \"Grapes\";\n    if (prod === productToSelect) {\n      $el.trigger(\"click\");\n      cy.get(\"#submit-button\").click();\n      cy.url().should(\"include\", productToSelect);\n    }\n  });\n});",
              "err": {},
              "uuid": "d3ace19f-830e-4b62-84a7-4ef45f2e4c6d",
              "parentUUID": "840dd880-1a3c-4703-8859-ab936051e033",
              "isHook": false,
              "skipped": false
            }
          ],
          "suites": [],
          "passes": [
            "d3ace19f-830e-4b62-84a7-4ef45f2e4c6d"
          ],
          "failures": [],
          "pending": [],
          "skipped": [],
          "duration": 6662,
          "root": false,
          "rootEmpty": false,
          "_timeout": 2000
        }
      ],
      "passes": [],
      "failures": [],
      "pending": [],
      "skipped": [],
      "duration": 0,
      "root": true,
      "rootEmpty": true,
      "_timeout": 2000
    },
    {
      "uuid": "3b497752-3e4a-4ccb-a5e4-8fc6c808f6ce",
      "title": "",
      "fullFile": "cypress\\integration\\webdriver-uni\\browser-navigation.js",
      "file": "cypress\\integration\\webdriver-uni\\browser-navigation.js",
      "beforeHooks": [],
      "afterHooks": [],
      "tests": [],
      "suites": [
        {
          "uuid": "80ab0a72-8b85-4706-adb2-e4d6fc7cbb1f",
          "title": "Validate webdriver uni homepage links",
          "fullFile": "",
          "file": "",
          "beforeHooks": [],
          "afterHooks": [],
          "tests": [
            {
              "title": "Confirm links redirects to the correct pages",
              "fullTitle": "Validate webdriver uni homepage links Confirm links redirects to the correct pages",
              "timedOut": null,
              "duration": 9010,
              "state": "passed",
              "speed": "slow",
              "pass": true,
              "fail": false,
              "pending": false,
              "context": null,
              "code": "cy.visit(\"http://www.webdriveruniversity.com/\"); // invoke jQuery method 'removeAttr' to remove attribute \"target=\"_blank\" which triggered the new tab opening after click on the link\ncy.get(\"#contact-us\").invoke(\"removeAttr\", \"target\").click(); // older cypress version Ex: 4.5.0, you should use click with argument click({force: true}) since this element dimension is 0X0 pixels and it is not visible.\ncy.url().should(\"include\", \"contactus\");\ncy.go(\"back\");\ncy.reload(); //Reload without cache\n//cy.reload(true);\ncy.go(\"forward\");\ncy.url().should(\"include\", \"contactus\");\ncy.go(\"back\");\ncy.get(\"#login-portal\").invoke(\"removeAttr\", \"target\").click();\ncy.url().should(\"include\", \"Login-Portal\");\ncy.go(\"back\");\ncy.get(\"#to-do-list\").invoke(\"removeAttr\", \"target\").click();\ncy.url().should(\"include\", \"To-Do-List\");\ncy.go(\"back\");",
              "err": {},
              "uuid": "43e59207-21f0-47b4-8463-d9f2a4fa7dbc",
              "parentUUID": "80ab0a72-8b85-4706-adb2-e4d6fc7cbb1f",
              "isHook": false,
              "skipped": false
            }
          ],
          "suites": [],
          "passes": [
            "43e59207-21f0-47b4-8463-d9f2a4fa7dbc"
          ],
          "failures": [],
          "pending": [],
          "skipped": [],
          "duration": 9010,
          "root": false,
          "rootEmpty": false,
          "_timeout": 2000
        }
      ],
      "passes": [],
      "failures": [],
      "pending": [],
      "skipped": [],
      "duration": 0,
      "root": true,
      "rootEmpty": true,
      "_timeout": 2000
    },
    {
      "uuid": "68cadfac-ede5-43ee-9d98-b13599b9c2f3",
      "title": "",
      "fullFile": "cypress\\integration\\webdriver-uni\\checkboxes.js",
      "file": "cypress\\integration\\webdriver-uni\\checkboxes.js",
      "beforeHooks": [],
      "afterHooks": [],
      "tests": [],
      "suites": [
        {
          "uuid": "9db5bb6f-2de5-40e8-a550-d517ac1e566a",
          "title": "Verify Checkboxes via Webdriver uni",
          "fullFile": "",
          "file": "",
          "beforeHooks": [],
          "afterHooks": [],
          "tests": [
            {
              "title": "check and validate checkbox",
              "fullTitle": "Verify Checkboxes via Webdriver uni check and validate checkbox",
              "timedOut": null,
              "duration": 1767,
              "state": "passed",
              "speed": "slow",
              "pass": true,
              "fail": false,
              "pending": false,
              "context": null,
              "code": "cy.get(\"input[value='option-1']\").check().should(\"be.checked\");",
              "err": {},
              "uuid": "1d26f4a3-ff78-493a-8429-2876eb7bc5c0",
              "parentUUID": "9db5bb6f-2de5-40e8-a550-d517ac1e566a",
              "isHook": false,
              "skipped": false
            },
            {
              "title": "uncheck and verify it is unchecked",
              "fullTitle": "Verify Checkboxes via Webdriver uni uncheck and verify it is unchecked",
              "timedOut": null,
              "duration": 375,
              "state": "passed",
              "speed": "slow",
              "pass": true,
              "fail": false,
              "pending": false,
              "context": null,
              "code": "cy.get(\"input[value='option-3']\").uncheck().should(\"not.be.checked\");",
              "err": {},
              "uuid": "35b2d5c3-05e8-469c-a404-1d4e206499db",
              "parentUUID": "9db5bb6f-2de5-40e8-a550-d517ac1e566a",
              "isHook": false,
              "skipped": false
            },
            {
              "title": "Check mutiple checkboxes",
              "fullTitle": "Verify Checkboxes via Webdriver uni Check mutiple checkboxes",
              "timedOut": null,
              "duration": 536,
              "state": "passed",
              "speed": "slow",
              "pass": true,
              "fail": false,
              "pending": false,
              "context": null,
              "code": "cy.get(\"input[type='checkbox']\").check([\"option-1\", \"option-2\", \"option-3\", \"option-4\"]).should(\"be.checked\");",
              "err": {},
              "uuid": "e46c3080-b93a-4276-858b-1c38e17e6c31",
              "parentUUID": "9db5bb6f-2de5-40e8-a550-d517ac1e566a",
              "isHook": false,
              "skipped": false
            }
          ],
          "suites": [],
          "passes": [
            "1d26f4a3-ff78-493a-8429-2876eb7bc5c0",
            "35b2d5c3-05e8-469c-a404-1d4e206499db",
            "e46c3080-b93a-4276-858b-1c38e17e6c31"
          ],
          "failures": [],
          "pending": [],
          "skipped": [],
          "duration": 2678,
          "root": false,
          "rootEmpty": false,
          "_timeout": 2000
        }
      ],
      "passes": [],
      "failures": [],
      "pending": [],
      "skipped": [],
      "duration": 0,
      "root": true,
      "rootEmpty": true,
      "_timeout": 2000
    },
    {
      "uuid": "11a7c131-ad26-4916-8cbf-4e15328124de",
      "title": "",
      "fullFile": "cypress\\integration\\webdriver-uni\\contact-us.js",
      "file": "cypress\\integration\\webdriver-uni\\contact-us.js",
      "beforeHooks": [],
      "afterHooks": [],
      "tests": [],
      "suites": [
        {
          "uuid": "b33fb0c2-3bee-43c7-be76-a7aaee1ead59",
          "title": "Test contact Us form via WebDriverUniversity",
          "fullFile": "",
          "file": "",
          "beforeHooks": [],
          "afterHooks": [],
          "tests": [
            {
              "title": "Should be able to submit a successful submission via Contact Us form",
              "fullTitle": "Test contact Us form via WebDriverUniversity Should be able to submit a successful submission via Contact Us form",
              "timedOut": null,
              "duration": 6411,
              "state": "passed",
              "speed": "slow",
              "pass": true,
              "fail": false,
              "pending": false,
              "context": null,
              "code": "cy.document().should('have.property', 'charset').and('eq', 'UTF-8');\ncy.title().should('include', 'WebDriver | Contact Us');\ncy.url().should('include', 'contactus'); //Custom command\n//cy.webdriverUni_ContactForm_Submission(data.first_name, data.last_name, data.email, \"This is a submission of test contact us page\")\n//using Page object\ncontactUsPage.contactForm_Submission(data.first_name, data.last_name, data.email, \"This is a submission of test contact us page\");\ncy.xpath('//div[@id=\"contact_reply\"]//h1').should('have.text', \"Thank You for your Message!\"); //cy.pause() to debug before assertion.",
              "err": {},
              "uuid": "664202a9-4112-4549-8b7d-b56369c2fd63",
              "parentUUID": "b33fb0c2-3bee-43c7-be76-a7aaee1ead59",
              "isHook": false,
              "skipped": false
            },
            {
              "title": "Should NOT be able to submit a submission via Contact Us form due to all mandatory fields",
              "fullTitle": "Test contact Us form via WebDriverUniversity Should NOT be able to submit a submission via Contact Us form due to all mandatory fields",
              "timedOut": null,
              "duration": 3380,
              "state": "passed",
              "speed": "slow",
              "pass": true,
              "fail": false,
              "pending": false,
              "context": null,
              "code": "//Custom command\n//cy.webdriverUni_ContactForm_Submission(Cypress.env(\"first_name\"), Cypress.env(\"last_name\"), \" \", \"This is a submission of test contact us page\")\ncontactUsPage.contactForm_Submission(Cypress.env(\"first_name\"), Cypress.env(\"last_name\"), \" \", \"This is a submission of test contact us page\");\ncy.get('body').contains('Error: Invalid email address', {\n  timeout: 8000\n});",
              "err": {},
              "uuid": "b9c23b00-4a47-40fe-a96b-ee1e24b5c07f",
              "parentUUID": "b33fb0c2-3bee-43c7-be76-a7aaee1ead59",
              "isHook": false,
              "skipped": false
            }
          ],
          "suites": [],
          "passes": [
            "664202a9-4112-4549-8b7d-b56369c2fd63",
            "b9c23b00-4a47-40fe-a96b-ee1e24b5c07f"
          ],
          "failures": [],
          "pending": [],
          "skipped": [],
          "duration": 9791,
          "root": false,
          "rootEmpty": false,
          "_timeout": 2000
        }
      ],
      "passes": [],
      "failures": [],
      "pending": [],
      "skipped": [],
      "duration": 0,
      "root": true,
      "rootEmpty": true,
      "_timeout": 2000
    },
    {
      "uuid": "a573a1c6-d573-4ad3-bf3f-53b676ddc88d",
      "title": "",
      "fullFile": "cypress\\integration\\webdriver-uni\\data-tables.js",
      "file": "cypress\\integration\\webdriver-uni\\data-tables.js",
      "beforeHooks": [],
      "afterHooks": [],
      "tests": [],
      "suites": [
        {
          "uuid": "66329fba-5962-4fc7-be64-662bcf0753ab",
          "title": "Handling data via webdriver uni",
          "fullFile": "",
          "file": "",
          "beforeHooks": [],
          "afterHooks": [],
          "tests": [
            {
              "title": "Assert the age of a given user based on last name",
              "fullTitle": "Handling data via webdriver uni Assert the age of a given user based on last name",
              "timedOut": null,
              "duration": 3194,
              "state": "passed",
              "speed": "slow",
              "pass": true,
              "fail": false,
              "pending": false,
              "context": null,
              "code": "cy.get(\"#thumbnail-1 tr td:nth-child(2)\").each(function ($el, index, $list) {\n  var lastName = $el.text();\n  if (lastName.includes(\"Woods\")) {\n    cy.get(\"#thumbnail-1 tr td:nth-child(2)\").eq(index).next().then(function ($age) {\n      var userAge = $age.text();\n      expect(userAge).to.equal(\"80\");\n    });\n  }\n});",
              "err": {},
              "uuid": "06629461-df8f-4be4-8fb8-f96eb9dc5320",
              "parentUUID": "66329fba-5962-4fc7-be64-662bcf0753ab",
              "isHook": false,
              "skipped": false
            }
          ],
          "suites": [],
          "passes": [
            "06629461-df8f-4be4-8fb8-f96eb9dc5320"
          ],
          "failures": [],
          "pending": [],
          "skipped": [],
          "duration": 3194,
          "root": false,
          "rootEmpty": false,
          "_timeout": 2000
        }
      ],
      "passes": [],
      "failures": [],
      "pending": [],
      "skipped": [],
      "duration": 0,
      "root": true,
      "rootEmpty": true,
      "_timeout": 2000
    },
    {
      "uuid": "74af0995-f5cc-44c1-bfd8-945b94821e53",
      "title": "",
      "fullFile": "cypress\\integration\\webdriver-uni\\date-picker.js",
      "file": "cypress\\integration\\webdriver-uni\\date-picker.js",
      "beforeHooks": [],
      "afterHooks": [],
      "tests": [],
      "suites": [
        {
          "uuid": "121fbaab-e066-4b30-8c9c-128ca8dac81a",
          "title": "Test via webdriver uni",
          "fullFile": "",
          "file": "",
          "beforeHooks": [],
          "afterHooks": [],
          "tests": [
            {
              "title": "Select date from date picker",
              "fullTitle": "Test via webdriver uni Select date from date picker",
              "timedOut": null,
              "duration": 4180,
              "state": "passed",
              "speed": "slow",
              "pass": true,
              "fail": false,
              "pending": false,
              "context": null,
              "code": "/*          let date1 = new Date();\n        date1.setDate(date1.getDate()); //get current day\n        cy.log(date1.getDate());\n\n        let date2 = new Date();\n        date2.setDate(date2.getDate() + 5);\n        cy.log(date2.getDate());  */\nvar date = new Date();\ndate.setDate(date.getDate() + 360);\nvar futureYear = date.getFullYear();\nvar futureMonth = date.toLocaleString(\"default\", {\n  month: \"long\"\n});\nvar futureDay = date.getDate();\ncy.get(\"#datepicker\").click();\nfunction selectMonthAndYear() {\n  cy.get(\".datepicker-dropdown\").find(\".datepicker-switch\").first().then(function ($currentMonth) {\n    if (!$currentMonth.text().includes(futureYear)) {\n      cy.get(\".next\").first().click();\n      selectMonthAndYear();\n    }\n  }).then(function () {\n    cy.get(\".datepicker-dropdown\").find(\".datepicker-switch\").first().then(function ($currentMonth) {\n      if (!$currentMonth.text().includes(futureMonth)) {\n        cy.get(\".next\").first().click();\n        selectMonthAndYear();\n      }\n    });\n  });\n}\nfunction selectFutureDay() {\n  cy.get(\"[class='day']\").contains(futureDay).click();\n}\nselectMonthAndYear();\nselectFutureDay();",
              "err": {},
              "uuid": "6e70572c-49af-466b-a71a-b4844b2ad8d2",
              "parentUUID": "121fbaab-e066-4b30-8c9c-128ca8dac81a",
              "isHook": false,
              "skipped": false
            }
          ],
          "suites": [],
          "passes": [
            "6e70572c-49af-466b-a71a-b4844b2ad8d2"
          ],
          "failures": [],
          "pending": [],
          "skipped": [],
          "duration": 4180,
          "root": false,
          "rootEmpty": false,
          "_timeout": 2000
        }
      ],
      "passes": [],
      "failures": [],
      "pending": [],
      "skipped": [],
      "duration": 0,
      "root": true,
      "rootEmpty": true,
      "_timeout": 2000
    },
    {
      "uuid": "1a9d3994-522b-45e6-92e9-abc63b093622",
      "title": "",
      "fullFile": "cypress\\integration\\webdriver-uni\\file-upload.js",
      "file": "cypress\\integration\\webdriver-uni\\file-upload.js",
      "beforeHooks": [],
      "afterHooks": [],
      "tests": [],
      "suites": [
        {
          "uuid": "3bfcc1eb-d41c-43ff-975b-10cf037cef42",
          "title": "Test file upload via WebDriver Uni",
          "fullFile": "",
          "file": "",
          "beforeHooks": [],
          "afterHooks": [],
          "tests": [
            {
              "title": "Verify file uploading",
              "fullTitle": "Test file upload via WebDriver Uni Verify file uploading",
              "timedOut": null,
              "duration": 3243,
              "state": "passed",
              "speed": "slow",
              "pass": true,
              "fail": false,
              "pending": false,
              "context": null,
              "code": "cy.fixture(\"laptop.png\", \"base64\").then(function (fileContent) {\n  cy.get(\"#myFile\").attachFile({\n    fileContent: fileContent,\n    fileName: \"laptop.png\",\n    mimeType: \"image/png\"\n  }, {\n    uploadType: \"input\"\n  });\n});\ncy.get(\"#submit-button\").click();",
              "err": {},
              "uuid": "31bbd3e2-239f-493b-848e-288d7f45d39c",
              "parentUUID": "3bfcc1eb-d41c-43ff-975b-10cf037cef42",
              "isHook": false,
              "skipped": false
            },
            {
              "title": "Verify no file uploading scenario",
              "fullTitle": "Test file upload via WebDriver Uni Verify no file uploading scenario",
              "timedOut": null,
              "duration": 1295,
              "state": "passed",
              "speed": "slow",
              "pass": true,
              "fail": false,
              "pending": false,
              "context": null,
              "code": "cy.get(\"#submit-button\").click();",
              "err": {},
              "uuid": "3a4857f2-68e4-41f7-8b86-ab23dff0521c",
              "parentUUID": "3bfcc1eb-d41c-43ff-975b-10cf037cef42",
              "isHook": false,
              "skipped": false
            }
          ],
          "suites": [],
          "passes": [
            "31bbd3e2-239f-493b-848e-288d7f45d39c",
            "3a4857f2-68e4-41f7-8b86-ab23dff0521c"
          ],
          "failures": [],
          "pending": [],
          "skipped": [],
          "duration": 4538,
          "root": false,
          "rootEmpty": false,
          "_timeout": 2000
        }
      ],
      "passes": [],
      "failures": [],
      "pending": [],
      "skipped": [],
      "duration": 0,
      "root": true,
      "rootEmpty": true,
      "_timeout": 2000
    },
    {
      "uuid": "e8ca716a-2edf-47bc-9152-c97d446ca54a",
      "title": "",
      "fullFile": "cypress\\integration\\webdriver-uni\\iframe.js",
      "file": "cypress\\integration\\webdriver-uni\\iframe.js",
      "beforeHooks": [],
      "afterHooks": [],
      "tests": [],
      "suites": [
        {
          "uuid": "f092e270-7c2f-458e-9c48-77e0efce3e2c",
          "title": "Handling iFrame and Models",
          "fullFile": "",
          "file": "",
          "beforeHooks": [],
          "afterHooks": [],
          "tests": [
            {
              "title": "Handle webdriver uni iFrame and Model",
              "fullTitle": "Handling iFrame and Models Handle webdriver uni iFrame and Model",
              "timedOut": null,
              "duration": 3519,
              "state": "passed",
              "speed": "slow",
              "pass": true,
              "fail": false,
              "pending": false,
              "context": null,
              "code": "cy.visit(\"http://www.webdriveruniversity.com/\"); // invoke jQuery method 'removeAttr' to remove attribute \"target=\"_blank\" which triggered the new tab opening after click on the link\ncy.get(\"#iframe\").invoke(\"removeAttr\", \"target\").click();\ncy.get('#frame').then(function ($frame) {\n  var body = $frame.contents().find(\"body\");\n  cy.wrap(body).as(\"iframe\");\n});\ncy.get(\"@iframe\").find(\"#button-find-out-more\").click();\ncy.get(\"@iframe\").find(\"#myModal\").as(\"model\");\ncy.get(\"@model\").should(function ($expectedText) {\n  var text = $expectedText.text();\n  expect(text).to.include(\"Welcome to webdriveruniversity.com we sell a wide range of electrical goods such as laptops\");\n});\ncy.get(\"@model\").contains(\"Close\").click();",
              "err": {},
              "uuid": "a2f8ea2d-6b7b-4e37-b351-a5dd68d8d573",
              "parentUUID": "f092e270-7c2f-458e-9c48-77e0efce3e2c",
              "isHook": false,
              "skipped": false
            }
          ],
          "suites": [],
          "passes": [
            "a2f8ea2d-6b7b-4e37-b351-a5dd68d8d573"
          ],
          "failures": [],
          "pending": [],
          "skipped": [],
          "duration": 3519,
          "root": false,
          "rootEmpty": false,
          "_timeout": 2000
        }
      ],
      "passes": [],
      "failures": [],
      "pending": [],
      "skipped": [],
      "duration": 0,
      "root": true,
      "rootEmpty": true,
      "_timeout": 2000
    },
    {
      "uuid": "5f6d90f7-2de0-4a75-801e-a193b0e26ec2",
      "title": "",
      "fullFile": "cypress\\integration\\webdriver-uni\\js-alerts.js",
      "file": "cypress\\integration\\webdriver-uni\\js-alerts.js",
      "beforeHooks": [],
      "afterHooks": [],
      "tests": [],
      "suites": [
        {
          "uuid": "db6cb514-a471-4bb8-b40f-9d980ac237d3",
          "title": "Handle Js alerts",
          "fullFile": "",
          "file": "",
          "beforeHooks": [],
          "afterHooks": [],
          "tests": [
            {
              "title": "Confirm js alert contains the correct text",
              "fullTitle": "Handle Js alerts Confirm js alert contains the correct text",
              "timedOut": null,
              "duration": 2321,
              "state": "passed",
              "speed": "slow",
              "pass": true,
              "fail": false,
              "pending": false,
              "context": null,
              "code": "cy.visit(\"http://www.webdriveruniversity.com/\"); // invoke jQuery method 'removeAttr' to remove attribute \"target=\"_blank\" which triggered the new tab opening after click on the link\ncy.get(\"#popup-alerts\").invoke(\"removeAttr\", \"target\").click();\ncy.get(\"#button1\").click(); //https://docs.cypress.io/api/events/catalog-of-events\n//To fire event manually\ncy.on(\"window:alert\", function (str) {\n  expect(str).to.equal(\"I am an alert box!\");\n});",
              "err": {},
              "uuid": "55ef6673-ad00-426d-b4be-f1fed22afb98",
              "parentUUID": "db6cb514-a471-4bb8-b40f-9d980ac237d3",
              "isHook": false,
              "skipped": false
            },
            {
              "title": "Validate js confirm alert box works correctly when clicking OK",
              "fullTitle": "Handle Js alerts Validate js confirm alert box works correctly when clicking OK",
              "timedOut": null,
              "duration": 1136,
              "state": "passed",
              "speed": "slow",
              "pass": true,
              "fail": false,
              "pending": false,
              "context": null,
              "code": "cy.visit(\"http://www.webdriveruniversity.com/\"); // invoke jQuery method 'removeAttr' to remove attribute \"target=\"_blank\" which triggered the new tab opening after click on the link\ncy.get(\"#popup-alerts\").invoke(\"removeAttr\", \"target\").click();\ncy.get(\"#button4\").click(); //To fire event manually\ncy.on(\"window:confirm\", function (str) {\n  return true;\n});\ncy.get(\"#confirm-alert-text\").contains(\"You pressed OK!\");",
              "err": {},
              "uuid": "68bcaae4-5b6d-43f0-8637-16f5adf6273e",
              "parentUUID": "db6cb514-a471-4bb8-b40f-9d980ac237d3",
              "isHook": false,
              "skipped": false
            },
            {
              "title": "Validate js confirm alert box works correctly when clicking Cancel",
              "fullTitle": "Handle Js alerts Validate js confirm alert box works correctly when clicking Cancel",
              "timedOut": null,
              "duration": 1097,
              "state": "passed",
              "speed": "slow",
              "pass": true,
              "fail": false,
              "pending": false,
              "context": null,
              "code": "cy.visit(\"http://www.webdriveruniversity.com/\"); // invoke jQuery method 'removeAttr' to remove attribute \"target=\"_blank\" which triggered the new tab opening after click on the link\ncy.get(\"#popup-alerts\").invoke(\"removeAttr\", \"target\").click();\ncy.get(\"#button4\").click(); //To fire event manually\ncy.on(\"window:confirm\", function (str) {\n  return false;\n});\ncy.get(\"#confirm-alert-text\").contains(\"You pressed Cancel!\");",
              "err": {},
              "uuid": "8f1841ad-15c3-4696-8a37-4ec84a8c1793",
              "parentUUID": "db6cb514-a471-4bb8-b40f-9d980ac237d3",
              "isHook": false,
              "skipped": false
            },
            {
              "title": "Validate js confirm alert box using a stub",
              "fullTitle": "Handle Js alerts Validate js confirm alert box using a stub",
              "timedOut": null,
              "duration": 1109,
              "state": "passed",
              "speed": "slow",
              "pass": true,
              "fail": false,
              "pending": false,
              "context": null,
              "code": "cy.visit(\"http://www.webdriveruniversity.com/\"); // invoke jQuery method 'removeAttr' to remove attribute \"target=\"_blank\" which triggered the new tab opening after click on the link\ncy.get(\"#popup-alerts\").invoke(\"removeAttr\", \"target\").click();\nvar stub = cy.stub();\ncy.on(\"window:confirm\", stub);\ncy.get(\"#button4\").click().then(function () {\n  expect(stub.getCall(0)).to.be.calledWith(\"Press a button!\");\n}).then(function () {\n  return true;\n}).then(function () {\n  cy.get(\"#confirm-alert-text\").contains(\"You pressed OK!\");\n});",
              "err": {},
              "uuid": "c6df884d-05c8-4ab2-bca3-25522641e228",
              "parentUUID": "db6cb514-a471-4bb8-b40f-9d980ac237d3",
              "isHook": false,
              "skipped": false
            }
          ],
          "suites": [],
          "passes": [
            "55ef6673-ad00-426d-b4be-f1fed22afb98",
            "68bcaae4-5b6d-43f0-8637-16f5adf6273e",
            "8f1841ad-15c3-4696-8a37-4ec84a8c1793",
            "c6df884d-05c8-4ab2-bca3-25522641e228"
          ],
          "failures": [],
          "pending": [],
          "skipped": [],
          "duration": 5663,
          "root": false,
          "rootEmpty": false,
          "_timeout": 2000
        }
      ],
      "passes": [],
      "failures": [],
      "pending": [],
      "skipped": [],
      "duration": 0,
      "root": true,
      "rootEmpty": true,
      "_timeout": 2000
    },
    {
      "uuid": "cdcbd4c5-b2c4-4b7b-916d-e960f73b79f5",
      "title": "",
      "fullFile": "cypress\\integration\\webdriver-uni\\mouse-actions.js",
      "file": "cypress\\integration\\webdriver-uni\\mouse-actions.js",
      "beforeHooks": [],
      "afterHooks": [],
      "tests": [],
      "suites": [
        {
          "uuid": "5110db0a-98f1-4d92-97d2-c2b8631561b0",
          "title": "Verify different mouse actions  via webdriver uni",
          "fullFile": "",
          "file": "",
          "beforeHooks": [],
          "afterHooks": [],
          "tests": [
            {
              "title": "I should be able to mouse hover and click on a popup list item",
              "fullTitle": "Verify different mouse actions  via webdriver uni I should be able to mouse hover and click on a popup list item",
              "timedOut": null,
              "duration": 2827,
              "state": "passed",
              "speed": "slow",
              "pass": true,
              "fail": false,
              "pending": false,
              "context": null,
              "code": "cy.visit(\"http://www.webdriveruniversity.com/\"); // invoke jQuery method 'removeAttr' to remove attribute \"target=\"_blank\" which triggered the new tab opening after click on the link\ncy.get(\"#actions\").invoke(\"removeAttr\", \"target\").click();\ncy.get(\".dropbtn\").contains(\"Hover Over Me First!\").trigger('mouseover');\ncy.get(\".list-alert\").contains(\"Link 1\").click({\n  force: true\n});",
              "err": {},
              "uuid": "5ac3216f-9a0c-4aab-90d0-3971ed1f0e5f",
              "parentUUID": "5110db0a-98f1-4d92-97d2-c2b8631561b0",
              "isHook": false,
              "skipped": false
            }
          ],
          "suites": [],
          "passes": [
            "5ac3216f-9a0c-4aab-90d0-3971ed1f0e5f"
          ],
          "failures": [],
          "pending": [],
          "skipped": [],
          "duration": 2827,
          "root": false,
          "rootEmpty": false,
          "_timeout": 2000
        }
      ],
      "passes": [],
      "failures": [],
      "pending": [],
      "skipped": [],
      "duration": 0,
      "root": true,
      "rootEmpty": true,
      "_timeout": 2000
    },
    {
      "uuid": "a2701e68-4e0d-4fbe-a162-9d79bcf6af2e",
      "title": "",
      "fullFile": "cypress\\integration\\webdriver-uni\\radio-buttons.js",
      "file": "cypress\\integration\\webdriver-uni\\radio-buttons.js",
      "beforeHooks": [],
      "afterHooks": [],
      "tests": [],
      "suites": [
        {
          "uuid": "89fa9cc2-b95a-4104-89df-8bb28ab32a1a",
          "title": "Verify Radio buttons via Webdriver uni",
          "fullFile": "",
          "file": "",
          "beforeHooks": [],
          "afterHooks": [],
          "tests": [
            {
              "title": "check specific radio buttons",
              "fullTitle": "Verify Radio buttons via Webdriver uni check specific radio buttons",
              "timedOut": null,
              "duration": 2405,
              "state": "passed",
              "speed": "slow",
              "pass": true,
              "fail": false,
              "pending": false,
              "context": null,
              "code": "cy.get(\"#radio-buttons\").find(\"[type='radio']\").first().check();\ncy.get(\"#radio-buttons\").find(\"[type='radio']\").eq(1).check();",
              "err": {},
              "uuid": "34b6d796-318a-4582-a2df-3112809e7333",
              "parentUUID": "89fa9cc2-b95a-4104-89df-8bb28ab32a1a",
              "isHook": false,
              "skipped": false
            },
            {
              "title": "validate the states of specific radio buttons",
              "fullTitle": "Verify Radio buttons via Webdriver uni validate the states of specific radio buttons",
              "timedOut": null,
              "duration": 115,
              "state": "passed",
              "speed": "slow",
              "pass": true,
              "fail": false,
              "pending": false,
              "context": null,
              "code": "cy.get(\"input[value = 'lettuce']\").should(\"not.be.checked\");\ncy.get(\"input[value = 'pumpkin']\").should(\"be.checked\");\ncy.get(\"input[value = 'lettuce']\").click().should(\"be.checked\");\ncy.get(\"input[value = 'pumpkin']\").should(\"not.be.checked\");\ncy.get(\"input[value = 'cabbage']\").should(\"be.disabled\");",
              "err": {},
              "uuid": "ea2e72b4-5bfa-4ced-8dff-accd6af810e8",
              "parentUUID": "89fa9cc2-b95a-4104-89df-8bb28ab32a1a",
              "isHook": false,
              "skipped": false
            }
          ],
          "suites": [],
          "passes": [
            "34b6d796-318a-4582-a2df-3112809e7333",
            "ea2e72b4-5bfa-4ced-8dff-accd6af810e8"
          ],
          "failures": [],
          "pending": [],
          "skipped": [],
          "duration": 2520,
          "root": false,
          "rootEmpty": false,
          "_timeout": 2000
        }
      ],
      "passes": [],
      "failures": [],
      "pending": [],
      "skipped": [],
      "duration": 0,
      "root": true,
      "rootEmpty": true,
      "_timeout": 2000
    },
    {
      "uuid": "0c6bb5e4-4ad8-4430-b794-a9ec526e9be6",
      "title": "",
      "fullFile": "cypress\\integration\\webdriver-uni\\select-dropdown-list.js",
      "file": "cypress\\integration\\webdriver-uni\\select-dropdown-list.js",
      "beforeHooks": [],
      "afterHooks": [],
      "tests": [],
      "suites": [
        {
          "uuid": "6319498c-22f4-4434-a983-cbbd25fad5e4",
          "title": "Interact with dropdown lists via webdriver uni",
          "fullFile": "",
          "file": "",
          "beforeHooks": [],
          "afterHooks": [],
          "tests": [
            {
              "title": "Select specific values via select dropdown list",
              "fullTitle": "Interact with dropdown lists via webdriver uni Select specific values via select dropdown list",
              "timedOut": null,
              "duration": 2562,
              "state": "passed",
              "speed": "slow",
              "pass": true,
              "fail": false,
              "pending": false,
              "context": null,
              "code": "cy.visit(\"http://www.webdriveruniversity.com/\"); // invoke jQuery method 'removeAttr' to remove attribute \"target=\"_blank\" which triggered the new tab opening after click on the link\ncy.get(\"#dropdown-checkboxes-radiobuttons\").invoke(\"removeAttr\", \"target\").click(); //select by value\ncy.get(\"#dropdowm-menu-1\").select(\"c#\");\ncy.get(\"#dropdowm-menu-2\").select(\"testng\").should(\"have.value\", \"testng\"); //select by text of element\ncy.get(\"#dropdowm-menu-3\").select(\"JQuery\").contains(\"JQuery\");",
              "err": {},
              "uuid": "03dbe969-57d4-47a3-a424-f71016ad2317",
              "parentUUID": "6319498c-22f4-4434-a983-cbbd25fad5e4",
              "isHook": false,
              "skipped": false
            }
          ],
          "suites": [],
          "passes": [
            "03dbe969-57d4-47a3-a424-f71016ad2317"
          ],
          "failures": [],
          "pending": [],
          "skipped": [],
          "duration": 2562,
          "root": false,
          "rootEmpty": false,
          "_timeout": 2000
        }
      ],
      "passes": [],
      "failures": [],
      "pending": [],
      "skipped": [],
      "duration": 0,
      "root": true,
      "rootEmpty": true,
      "_timeout": 2000
    },
    {
      "uuid": "9cdf17fe-854b-473e-9736-9b503ab75b0a",
      "title": "",
      "fullFile": "cypress\\integration\\webdriver-uni\\traversing-elements.js",
      "file": "cypress\\integration\\webdriver-uni\\traversing-elements.js",
      "beforeHooks": [],
      "afterHooks": [],
      "tests": [],
      "suites": [
        {
          "uuid": "1a1698a8-9a55-4675-a331-bea33caa4b78",
          "title": "Traversing DOM elements in Cypress",
          "fullFile": "",
          "file": "",
          "beforeHooks": [],
          "afterHooks": [],
          "tests": [
            {
              "title": "children() to get the children of DOM elements",
              "fullTitle": "Traversing DOM elements in Cypress children() to get the children of DOM elements",
              "timedOut": null,
              "duration": 2715,
              "state": "passed",
              "speed": "slow",
              "pass": true,
              "fail": false,
              "pending": false,
              "context": null,
              "code": "cy.get(\".traversal-breadcrumb\").children(\".active\").should(\"contain\", \"Contact Us\");",
              "err": {},
              "uuid": "3ee65e3a-e60d-4b2a-a37d-60d8afe94531",
              "parentUUID": "1a1698a8-9a55-4675-a331-bea33caa4b78",
              "isHook": false,
              "skipped": false
            },
            {
              "title": "closest() to validate the closest ancestor DOM element",
              "fullTitle": "Traversing DOM elements in Cypress closest() to validate the closest ancestor DOM element",
              "timedOut": null,
              "duration": 1050,
              "state": "passed",
              "speed": "slow",
              "pass": true,
              "fail": false,
              "pending": false,
              "context": null,
              "code": "cy.get(\".traversal-badge\").closest(\"ul\").should(\"have.class\", \"list-group\");",
              "err": {},
              "uuid": "5867910a-061f-4ce7-9624-a8662589c722",
              "parentUUID": "1a1698a8-9a55-4675-a331-bea33caa4b78",
              "isHook": false,
              "skipped": false
            },
            {
              "title": "eq() to retrieve a specific element based on index",
              "fullTitle": "Traversing DOM elements in Cypress eq() to retrieve a specific element based on index",
              "timedOut": null,
              "duration": 1044,
              "state": "passed",
              "speed": "slow",
              "pass": true,
              "fail": false,
              "pending": false,
              "context": null,
              "code": "cy.get(\".traversal-drinks-list > *\").eq(2).should('have.text', \"Milk\");",
              "err": {},
              "uuid": "da095b4c-1dc8-427d-9cb1-a4a9055d0d76",
              "parentUUID": "1a1698a8-9a55-4675-a331-bea33caa4b78",
              "isHook": false,
              "skipped": false
            },
            {
              "title": "filter() to retrieve DOM elements that match a specific selector",
              "fullTitle": "Traversing DOM elements in Cypress filter() to retrieve DOM elements that match a specific selector",
              "timedOut": null,
              "duration": 1486,
              "state": "passed",
              "speed": "slow",
              "pass": true,
              "fail": false,
              "pending": false,
              "context": null,
              "code": "cy.get(\".btn-group-toggle > *\").filter(\".active\").should(\"contain\", \"Button-1\");",
              "err": {},
              "uuid": "1279c9d4-6c76-48b8-be70-3e845e9fdeb3",
              "parentUUID": "1a1698a8-9a55-4675-a331-bea33caa4b78",
              "isHook": false,
              "skipped": false
            },
            {
              "title": "find() to retrieve DOM elements of a given selector",
              "fullTitle": "Traversing DOM elements in Cypress find() to retrieve DOM elements of a given selector",
              "timedOut": null,
              "duration": 1160,
              "state": "passed",
              "speed": "slow",
              "pass": true,
              "fail": false,
              "pending": false,
              "context": null,
              "code": "cy.get(\".traversal-pagination\").find(\"li\").find(\"a\").should(\"have.length\", 7);",
              "err": {},
              "uuid": "8a923136-83e1-4fae-918e-d1e9ecc32f23",
              "parentUUID": "1a1698a8-9a55-4675-a331-bea33caa4b78",
              "isHook": false,
              "skipped": false
            },
            {
              "title": "first() to retrieve the first DOM element within elements ",
              "fullTitle": "Traversing DOM elements in Cypress first() to retrieve the first DOM element within elements ",
              "timedOut": null,
              "duration": 1057,
              "state": "passed",
              "speed": "slow",
              "pass": true,
              "fail": false,
              "pending": false,
              "context": null,
              "code": "cy.get(\".traversal-table > tbody > tr > td\").first().should(\"have.text\", \"Andy\");",
              "err": {},
              "uuid": "b9d803fa-a99f-4b55-841b-16a4f1c8b400",
              "parentUUID": "1a1698a8-9a55-4675-a331-bea33caa4b78",
              "isHook": false,
              "skipped": false
            },
            {
              "title": "last() to retrieve the last DOM element within elements",
              "fullTitle": "Traversing DOM elements in Cypress last() to retrieve the last DOM element within elements",
              "timedOut": null,
              "duration": 1569,
              "state": "passed",
              "speed": "slow",
              "pass": true,
              "fail": false,
              "pending": false,
              "context": null,
              "code": "cy.get(\".traversal-table > tbody > tr > td\").last().should(\"have.text\", \"Scott\");",
              "err": {},
              "uuid": "147037ed-e0be-47cc-8b3d-fd3fcc9968d7",
              "parentUUID": "1a1698a8-9a55-4675-a331-bea33caa4b78",
              "isHook": false,
              "skipped": false
            },
            {
              "title": "nextAll() to get all of the next sibling DOM elements within elements",
              "fullTitle": "Traversing DOM elements in Cypress nextAll() to get all of the next sibling DOM elements within elements",
              "timedOut": null,
              "duration": 1603,
              "state": "passed",
              "speed": "slow",
              "pass": true,
              "fail": false,
              "pending": false,
              "context": null,
              "code": "cy.get(\".traversal-drinks-list\").contains(\"Tea\").nextAll().should(\"have.length\", 3);",
              "err": {},
              "uuid": "691a8ab9-75ec-4d5b-900d-66acf8cc4e41",
              "parentUUID": "1a1698a8-9a55-4675-a331-bea33caa4b78",
              "isHook": false,
              "skipped": false
            },
            {
              "title": "nextUntil() to get all of the next sibling DOM elements within elements until another element",
              "fullTitle": "Traversing DOM elements in Cypress nextUntil() to get all of the next sibling DOM elements within elements until another element",
              "timedOut": null,
              "duration": 1369,
              "state": "passed",
              "speed": "slow",
              "pass": true,
              "fail": false,
              "pending": false,
              "context": null,
              "code": "cy.get(\"#coffee\").nextUntil(\"#milk\");",
              "err": {},
              "uuid": "263a7aef-abb6-485f-8363-1510357afc8f",
              "parentUUID": "1a1698a8-9a55-4675-a331-bea33caa4b78",
              "isHook": false,
              "skipped": false
            },
            {
              "title": "not() to remove DOM element(s) from the set of elements",
              "fullTitle": "Traversing DOM elements in Cypress not() to remove DOM element(s) from the set of elements",
              "timedOut": null,
              "duration": 1075,
              "state": "passed",
              "speed": "slow",
              "pass": true,
              "fail": false,
              "pending": false,
              "context": null,
              "code": "cy.get(\".traversal-button-states > button\").not(\".disabled\").should(\"not.have.class\", \".disabled\");",
              "err": {},
              "uuid": "0221222d-2527-4dd7-b00b-ce8e71100a27",
              "parentUUID": "1a1698a8-9a55-4675-a331-bea33caa4b78",
              "isHook": false,
              "skipped": false
            },
            {
              "title": "parent() To get parent DOM element of elements",
              "fullTitle": "Traversing DOM elements in Cypress parent() To get parent DOM element of elements",
              "timedOut": null,
              "duration": 1135,
              "state": "passed",
              "speed": "slow",
              "pass": true,
              "fail": false,
              "pending": false,
              "context": null,
              "code": "cy.get(\".traversal-mark\").parent().should(\"contain\", \"Lorem ipsum dolor sit amet\");",
              "err": {},
              "uuid": "55f636d2-37cb-4684-97fe-bd577c09bcfb",
              "parentUUID": "1a1698a8-9a55-4675-a331-bea33caa4b78",
              "isHook": false,
              "skipped": false
            },
            {
              "title": "parents() to get parents DOM element of elements",
              "fullTitle": "Traversing DOM elements in Cypress parents() to get parents DOM element of elements",
              "timedOut": null,
              "duration": 1314,
              "state": "passed",
              "speed": "slow",
              "pass": true,
              "fail": false,
              "pending": false,
              "context": null,
              "code": "cy.get(\".traversal-cite\").parents().should(\"match\", \"blockquote\");",
              "err": {},
              "uuid": "a6c37ba3-cfc2-43f2-9168-86caa9e4451f",
              "parentUUID": "1a1698a8-9a55-4675-a331-bea33caa4b78",
              "isHook": false,
              "skipped": false
            },
            {
              "title": "prev() to get the previous sibling DOM element within elements",
              "fullTitle": "Traversing DOM elements in Cypress prev() to get the previous sibling DOM element within elements",
              "timedOut": null,
              "duration": 1161,
              "state": "passed",
              "speed": "slow",
              "pass": true,
              "fail": false,
              "pending": false,
              "context": null,
              "code": "cy.get(\"#sugar\").prev().should(\"have.text\", \"Espresso\");",
              "err": {},
              "uuid": "172d81ae-0e93-4281-af4b-3f7fb5a4ffc2",
              "parentUUID": "1a1698a8-9a55-4675-a331-bea33caa4b78",
              "isHook": false,
              "skipped": false
            },
            {
              "title": "prevAll() to get all previous sibling DOM elements within elements",
              "fullTitle": "Traversing DOM elements in Cypress prevAll() to get all previous sibling DOM elements within elements",
              "timedOut": null,
              "duration": 1017,
              "state": "passed",
              "speed": "slow",
              "pass": true,
              "fail": false,
              "pending": false,
              "context": null,
              "code": "cy.get(\".sales\").prevAll().should(\"have.length\", 2);",
              "err": {},
              "uuid": "aaa3c186-3452-4c38-a9cf-d035b1354836",
              "parentUUID": "1a1698a8-9a55-4675-a331-bea33caa4b78",
              "isHook": false,
              "skipped": false
            },
            {
              "title": "prevUntil() to get all previous sibling DOM elements within elements until other element",
              "fullTitle": "Traversing DOM elements in Cypress prevUntil() to get all previous sibling DOM elements within elements until other element",
              "timedOut": null,
              "duration": 1089,
              "state": "passed",
              "speed": "slow",
              "pass": true,
              "fail": false,
              "pending": false,
              "context": null,
              "code": "cy.get(\"#veggie\").prevUntil(\"#fruits\").should(\"have.length\", 5);",
              "err": {},
              "uuid": "9e7e099c-bc02-4861-b9d9-2d9a0a017b85",
              "parentUUID": "1a1698a8-9a55-4675-a331-bea33caa4b78",
              "isHook": false,
              "skipped": false
            },
            {
              "title": "siblings() To get all sibling DOM elements of elements",
              "fullTitle": "Traversing DOM elements in Cypress siblings() To get all sibling DOM elements of elements",
              "timedOut": null,
              "duration": 1035,
              "state": "passed",
              "speed": "slow",
              "pass": true,
              "fail": false,
              "pending": false,
              "context": null,
              "code": "cy.get(\".btn-group-toggle > .active\").siblings().should(\"have.length\", 3);",
              "err": {},
              "uuid": "0e9dc554-b0c6-4cb0-a99a-3e93361285ae",
              "parentUUID": "1a1698a8-9a55-4675-a331-bea33caa4b78",
              "isHook": false,
              "skipped": false
            }
          ],
          "suites": [],
          "passes": [
            "3ee65e3a-e60d-4b2a-a37d-60d8afe94531",
            "5867910a-061f-4ce7-9624-a8662589c722",
            "da095b4c-1dc8-427d-9cb1-a4a9055d0d76",
            "1279c9d4-6c76-48b8-be70-3e845e9fdeb3",
            "8a923136-83e1-4fae-918e-d1e9ecc32f23",
            "b9d803fa-a99f-4b55-841b-16a4f1c8b400",
            "147037ed-e0be-47cc-8b3d-fd3fcc9968d7",
            "691a8ab9-75ec-4d5b-900d-66acf8cc4e41",
            "263a7aef-abb6-485f-8363-1510357afc8f",
            "0221222d-2527-4dd7-b00b-ce8e71100a27",
            "55f636d2-37cb-4684-97fe-bd577c09bcfb",
            "a6c37ba3-cfc2-43f2-9168-86caa9e4451f",
            "172d81ae-0e93-4281-af4b-3f7fb5a4ffc2",
            "aaa3c186-3452-4c38-a9cf-d035b1354836",
            "9e7e099c-bc02-4861-b9d9-2d9a0a017b85",
            "0e9dc554-b0c6-4cb0-a99a-3e93361285ae"
          ],
          "failures": [],
          "pending": [],
          "skipped": [],
          "duration": 20879,
          "root": false,
          "rootEmpty": false,
          "_timeout": 2000
        }
      ],
      "passes": [],
      "failures": [],
      "pending": [],
      "skipped": [],
      "duration": 0,
      "root": true,
      "rootEmpty": true,
      "_timeout": 2000
    },
    {
      "uuid": "0248b4f1-32e7-4c8c-92c6-01173873c901",
      "title": "",
      "fullFile": "cypress\\integration\\automation-test-store\\add-mutiple-items-to-baskets.js",
      "file": "cypress\\integration\\automation-test-store\\add-mutiple-items-to-baskets.js",
      "beforeHooks": [],
      "afterHooks": [],
      "tests": [],
      "suites": [
        {
          "uuid": "a437d9ec-ebfb-4fd2-9d31-1acb5a04d997",
          "title": "Add mutiple items to basket  ",
          "fullFile": "",
          "file": "",
          "beforeHooks": [],
          "afterHooks": [],
          "tests": [
            {
              "title": "Add specific item to basket",
              "fullTitle": "Add mutiple items to basket   Add specific item to basket",
              "timedOut": null,
              "duration": 10321,
              "state": "passed",
              "speed": "slow",
              "pass": true,
              "fail": false,
              "pending": false,
              "context": null,
              "code": "automationStoreHaircarePage.addHaircareProductsToBaskets();\ncy.get(\".dropdown-toggle .cart_total\").should(\"have.text\", \"$46.45\").click().debug();",
              "err": {},
              "uuid": "e042acab-7259-429c-8c35-37a858f22197",
              "parentUUID": "a437d9ec-ebfb-4fd2-9d31-1acb5a04d997",
              "isHook": false,
              "skipped": false
            }
          ],
          "suites": [],
          "passes": [
            "e042acab-7259-429c-8c35-37a858f22197"
          ],
          "failures": [],
          "pending": [],
          "skipped": [],
          "duration": 10321,
          "root": false,
          "rootEmpty": false,
          "_timeout": 2000
        }
      ],
      "passes": [],
      "failures": [],
      "pending": [],
      "skipped": [],
      "duration": 0,
      "root": true,
      "rootEmpty": true,
      "_timeout": 2000
    }
  ],
  "meta": {
    "mocha": {
      "version": "7.0.1"
    },
    "mochawesome": {
      "options": {
        "quiet": false,
        "reportFilename": "mochawesome",
        "saveHtml": false,
        "saveJson": true,
        "consoleReporter": "spec",
        "useInlineDiffs": false,
        "code": true
      },
      "version": "6.2.2"
    },
    "marge": {
      "options": {
        "id": "default",
        "reportDir": "cypress/results/mochawesome",
        "quite": true,
        "overwrite": false,
        "html": false,
        "json": true
      },
      "version": "5.2.0"
    }
  }
}